2023.05.18 09:22:33 INFO  Started: Metals version 0.11.12 in workspace '/home/kevin/Desktop/Github projects/Learning-Spark-with-Scala' for client Visual Studio Code 1.78.0.
May 18, 2023 9:22:33 AM org.flywaydb.core.internal.license.VersionPrinter printVersionOnly
INFO: Flyway Community Edition 9.16.3 by Redgate
May 18, 2023 9:22:33 AM org.flywaydb.core.internal.license.VersionPrinter printVersion
INFO: See release notes here: https://rd.gt/416ObMi
May 18, 2023 9:22:33 AM org.flywaydb.core.internal.license.VersionPrinter printVersion
INFO: 
May 18, 2023 9:22:34 AM org.flywaydb.core.internal.database.base.BaseDatabaseType createDatabase
INFO: Database: jdbc:h2:file:/home/kevin/Desktop/Github projects/Learning-Spark-with-Scala/.metals/metals (H2 2.1)
May 18, 2023 9:22:34 AM org.flywaydb.core.internal.schemahistory.JdbcTableSchemaHistory allAppliedMigrations
INFO: Schema history table "PUBLIC"."flyway_schema_history" does not exist yet
May 18, 2023 9:22:34 AM org.flywaydb.core.internal.command.DbValidate validate
INFO: Successfully validated 4 migrations (execution time 00:00.080s)
May 18, 2023 9:22:34 AM org.flywaydb.core.internal.schemahistory.JdbcTableSchemaHistory create
INFO: Creating Schema History table "PUBLIC"."flyway_schema_history" ...
May 18, 2023 9:22:34 AM org.flywaydb.core.internal.command.DbMigrate migrateGroup
INFO: Current version of schema "PUBLIC": << Empty Schema >>
May 18, 2023 9:22:34 AM org.flywaydb.core.internal.command.DbMigrate doMigrateGroup
INFO: Migrating schema "PUBLIC" to version "1 - Create tables"
May 18, 2023 9:22:34 AM org.flywaydb.core.internal.command.DbMigrate doMigrateGroup
INFO: Migrating schema "PUBLIC" to version "2 - Server discovery"
May 18, 2023 9:22:34 AM org.flywaydb.core.internal.command.DbMigrate doMigrateGroup
INFO: Migrating schema "PUBLIC" to version "3 - Jar symbols"
May 18, 2023 9:22:35 AM org.flywaydb.core.internal.command.DbMigrate doMigrateGroup
INFO: Migrating schema "PUBLIC" to version "4 - Fingerprints"
May 18, 2023 9:22:35 AM org.flywaydb.core.internal.command.DbMigrate logSummary
INFO: Successfully applied 4 migrations to schema "PUBLIC", now at version v4 (execution time 00:00.215s)
2023.05.18 09:22:35 INFO  time: initialize in 1.92s
2023.05.18 09:22:42 WARN  Build server is not auto-connectable.
2023.05.18 09:22:42 WARN  no build tool detected in workspace '/home/kevin/Desktop/Github projects/Learning-Spark-with-Scala'. The most common cause for this problem is that the editor was opened in the wrong working directory, for example if you use sbt then the workspace directory should contain build.sbt. 
2023.05.18 09:22:42 WARN  no build target for: /home/kevin/Downloads/LearningSparkV2-master/chapter2/scala/src/main/scala/chapter2/MnMcount.scala
2023.05.18 09:22:57 INFO  no build target found for /home/kevin/Downloads/LearningSparkV2-master/chapter2/scala/src/main/scala/chapter2/MnMcount.scala. Using presentation compiler with project's scala-library version: 3.2.2
2023.05.18 09:23:03 INFO  time: code lens generation in 21s
2023.05.18 09:23:03 INFO  time: code lens generation in 14s
2023.05.18 09:23:03 INFO  time: code lens generation in 21s
2023.05.18 09:23:54 WARN  no build tool detected in workspace '/home/kevin/Desktop/Github projects/Learning-Spark-with-Scala'. The most common cause for this problem is that the editor was opened in the wrong working directory, for example if you use sbt then the workspace directory should contain build.sbt. 
2023.05.18 09:25:19 INFO  
2023.05.18 09:25:19 INFO  Template applied in /home/kevin/Desktop/Github projects/Learning-Spark-with-Scala/./scala3
2023.05.18 09:25:19 INFO  
2023.05.18 09:25:19 INFO  time: ran 'giter8.Giter8' in 7.51s
2023.05.18 09:25:50 INFO  Shutting down server
2023.05.18 09:25:50 INFO  shutting down Metals
2023.05.18 09:25:50 INFO  Exiting server
